Arguments: 
  /usr/bin/node /usr/bin/yarn add jquery-youtube

PATH: 
  /root/.composer/vendor/bin:/root/.composer/vendor/bin:/usr/local/sbin:/usr/local/bin:/usr/sbin:/usr/bin:/sbin:/bin:/usr/games:/usr/local/games:/snap/bin:/root/.config/composer/vendor/bin:/root/.config/composer/vendor/bin

Yarn version: 
  1.22.17

Node version: 
  14.21.3

Platform: 
  linux x64

Trace: 
  Error: https://registry.yarnpkg.com/jquery-youtube: Not found
      at Request.params.callback [as _callback] (/usr/lib/node_modules/yarn/lib/cli.js:67029:18)
      at Request.self.callback (/usr/lib/node_modules/yarn/lib/cli.js:140883:22)
      at Request.emit (events.js:400:28)
      at Request.<anonymous> (/usr/lib/node_modules/yarn/lib/cli.js:141855:10)
      at Request.emit (events.js:400:28)
      at IncomingMessage.<anonymous> (/usr/lib/node_modules/yarn/lib/cli.js:141777:12)
      at Object.onceWrapper (events.js:519:28)
      at IncomingMessage.emit (events.js:412:35)
      at endReadableNT (internal/streams/readable.js:1333:12)
      at processTicksAndRejections (internal/process/task_queues.js:82:21)

npm manifest: 
  {
    "name": "imediaport",
    "version": "2.0.0",
    "main": "serve.js",
    "scripts": {
      "test": "echo \"Error: no test specified\" && exit 1",
      "start": "node serve.js"
    },
    "repository": {
      "type": "git",
      "url": "git+https://github.com/shahroz-su/ECommerce.git"
    },
    "keywords": [],
    "author": "",
    "license": "ISC",
    "dependencies": {
      "@hapi/joi": "^17.1.0",
      "alert-node": "^3.0.10",
      "async": "^3.2.0",
      "bcrypt": "^5.1.0",
      "bcryptjs": "^2.4.3",
      "body-parser": "^1.19.0",
      "chalk": "^4.0.0",
      "compression": "^1.7.4",
      "connect-flash": "^0.1.1",
      "cookie-parser": "^1.4.4",
      "cors": "^2.8.5",
      "crypto": "^1.0.1",
      "csurf": "^1.11.0",
      "debug": "^4.1.1",
      "defined": "^1.0.0",
      "dialog": "^0.3.1",
      "dotenv": "^8.2.0",
      "ejs": "^3.1.9",
      "ejs-locals": "^1.0.2",
      "express": "^4.17.1",
      "express-ejs-layouts": "^2.5.0",
      "express-handlebars": "^7.0.7",
      "express-session": "^1.17.0",
      "fs": "0.0.1-security",
      "html-pdf": "^3.0.1",
      "https": "^1.0.0",
      "joi": "^14.3.1",
      "json": "^11.0.0",
      "jsonwebtoken": "^9.0.0",
      "lodash": "^4.17.15",
      "mongodb": "^3.5.5",
      "mongoose": "^5.9.5",
      "mongos": "^0.0.0",
      "morgan": "^1.9.1",
      "multer": "^1.4.2",
      "mysql2": "^3.3.3",
      "nodemailer": "^6.4.4",
      "nodemailer-sendgrid": "^1.0.3",
      "os": "^0.1.1",
      "package.json": "^0.0.0",
      "passport": "^0.6.0",
      "passport-local": "^1.0.0",
      "passport-local-mongoose": "^6.3.0",
      "path": "^0.12.7",
      "popups": "^1.1.3",
      "readline": "^1.3.0",
      "requestify": "^0.2.5",
      "sequelize": "^6.32.0",
      "serve-favicon": "^2.5.0",
      "sockjs": "^0.3.20",
      "speakeasy": "^2.0.0",
      "underscore.string": "^3.3.5",
      "youtube-search-api": "^1.1.1"
    },
    "bugs": {
      "url": "https://github.com/drelrichy/imediaport/issues"
    },
    "homepage": "https://imediaport.com/",
    "directories": {
      "lib": "lib"
    },
    "description": ""
  }

yarn manifest: 
  No manifest

Lockfile: 
  No lockfile
